[+] Containers:
 |- [+] Container: /Game/ThirdPerson/Maps/DemoYoncho
 |   |- [+] ActorDescs:
 |   |   |- Guid:08382D7242F8C497167E88A00512916E BaseClass: NativeClass:/Script/Niagara.NiagaraActor Name:NiagaraActor_UAID_50EBF6E39EFC9BF401_1368407145 Label:l SpatiallyLoaded:1 Bounds:IsValid=true, Min=(X=-75.793 Y=1454.492 Z=3608.517), Max=(X=124.207 Y=1654.492 Z=3808.517) RuntimeGrid:None EditorOnly:0 RuntimeOnly:0 HLODRelevant:0 ListedInSceneOutliner:1 IsMainWorldOnly:0
 |   |   |- Guid:0C541ACC4CD0D9A980C17F82839E2C3B BaseClass: NativeClass:/Script/Engine.StaticMeshActor Name:StaticMeshActor_UAID_50EBF6E39EFC94F401_1846031878 Label:MovingFloor SpatiallyLoaded:1 Bounds:IsValid=true, Min=(X=-152.442 Y=1350.060 Z=300.000), Max=(X=147.558 Y=1475.060 Z=350.000) RuntimeGrid:None EditorOnly:0 RuntimeOnly:0 HLODRelevant:1 ListedInSceneOutliner:1 IsMainWorldOnly:0 FolderPath:Playground FolderGuid:C73F09FC4215536B1DCE2A9E0A830C70
 |   |   |- Guid:18F44E0C4D72A4B4EBECC9A767C0265D BaseClass: NativeClass:/Script/Engine.DirectionalLight Name:DirectionalLight_0 Label:DirectionalLight SpatiallyLoaded:0 Bounds:Invalid RuntimeGrid:None EditorOnly:0 RuntimeOnly:0 HLODRelevant:0 ListedInSceneOutliner:1 IsMainWorldOnly:0 FolderPath:Lighting FolderGuid:963EC3EB4002CCE9759E2EBA541A873A
 |   |   |- Guid:1A653A1D404B11420F0CD6A4D3E63669 BaseClass:/Game/ThirdPerson/Maps/MovingFloor.MovingFloor_C NativeClass:/Script/Engine.Actor Name:MovingFloor_C_UAID_50EBF6E39EFC99F401_2089410791 Label:MovingFloor3 SpatiallyLoaded:1 Bounds:IsValid=true, Min=(X=-150.000 Y=455.000 Z=1100.000), Max=(X=150.000 Y=705.000 Z=1150.000) RuntimeGrid:None EditorOnly:0 RuntimeOnly:0 HLODRelevant:0 ListedInSceneOutliner:1 IsMainWorldOnly:0
 |   |   |- Guid:23BE381943BF2A5A8D5DB49027A4F034 BaseClass: NativeClass:/Script/Engine.StaticMeshActor Name:StaticMeshActor_UAID_50EBF6E39EFC96F401_1673531241 Label:Floor_14 SpatiallyLoaded:1 Bounds:IsValid=true, Min=(X=-150.000 Y=-1100.000 Z=1100.000), Max=(X=150.000 Y=-500.000 Z=1150.000) RuntimeGrid:None EditorOnly:0 RuntimeOnly:0 HLODRelevant:1 ListedInSceneOutliner:1 IsMainWorldOnly:0 FolderPath:Playground FolderGuid:C73F09FC4215536B1DCE2A9E0A830C70
 |   |   |- Guid:2DE489424884368AEC5148977CE02D9C BaseClass: NativeClass:/Script/Engine.StaticMeshActor Name:StaticMeshActor_UAID_50EBF6E39EFC96F401_1669634240 Label:Floor_13 SpatiallyLoaded:1 Bounds:IsValid=true, Min=(X=-150.000 Y=-400.000 Z=1100.000), Max=(X=150.000 Y=-25.000 Z=1150.000) RuntimeGrid:None EditorOnly:0 RuntimeOnly:0 HLODRelevant:1 ListedInSceneOutliner:1 IsMainWorldOnly:0 FolderPath:Playground FolderGuid:C73F09FC4215536B1DCE2A9E0A830C70
 |   |   |- Guid:306C3E9D43B325910B1D39978CB32636 BaseClass: NativeClass:/Script/Engine.StaticMeshActor Name:StaticMeshActor_UAID_50EBF6E39EFC97F401_1480028433 Label:Floor_28 SpatiallyLoaded:1 Bounds:IsValid=true, Min=(X=-150.000 Y=3900.000 Z=3500.000), Max=(X=150.000 Y=4525.000 Z=3550.000) RuntimeGrid:None EditorOnly:0 RuntimeOnly:0 HLODRelevant:1 ListedInSceneOutliner:1 IsMainWorldOnly:0 FolderPath:Playground FolderGuid:C73F09FC4215536B1DCE2A9E0A830C70
 |   |   |- Guid:347B82D64F5B540CD187EFA36583BD1F BaseClass: NativeClass:/Script/Engine.StaticMeshActor Name:StaticMeshActor_UAID_50EBF6E39EFC97F401_1372508431 Label:Floor_27 SpatiallyLoaded:1 Bounds:IsValid=true, Min=(X=-150.000 Y=-450.000 Z=3050.000), Max=(X=150.000 Y=175.000 Z=3100.000) RuntimeGrid:None EditorOnly:0 RuntimeOnly:0 HLODRelevant:1 ListedInSceneOutliner:1 IsMainWorldOnly:0 FolderPath:Playground FolderGuid:C73F09FC4215536B1DCE2A9E0A830C70
 |   |   |- Guid:35ECA27045B0B5B7883041A2F82DFF9D BaseClass: NativeClass:/Script/Engine.StaticMeshActor Name:StaticMeshActor_1 Label:Floor_1 SpatiallyLoaded:1 Bounds:IsValid=true, Min=(X=-150.000 Y=-1150.000 Z=0.000), Max=(X=150.000 Y=600.000 Z=50.000) RuntimeGrid:None EditorOnly:0 RuntimeOnly:0 HLODRelevant:1 ListedInSceneOutliner:1 IsMainWorldOnly:0 FolderPath:Playground FolderGuid:C73F09FC4215536B1DCE2A9E0A830C70
 |   |   |- Guid:40D9B3F84632C4A9601D5F93A21DD677 BaseClass: NativeClass:/Script/Engine.StaticMeshActor Name:StaticMeshActor_UAID_50EBF6E39EFC96F401_1982803244 Label:Floor_16 SpatiallyLoaded:1 Bounds:IsValid=true, Min=(X=-150.000 Y=4500.000 Z=800.000), Max=(X=150.000 Y=4550.000 Z=5475.000) RuntimeGrid:None EditorOnly:0 RuntimeOnly:0 HLODRelevant:1 ListedInSceneOutliner:1 IsMainWorldOnly:0 FolderPath:Playground FolderGuid:C73F09FC4215536B1DCE2A9E0A830C70
 |   |   |- Guid:4C81D71647B04FAFBF8CF99111F04916 BaseClass: NativeClass:/Script/Engine.StaticMeshActor Name:StaticMeshActor_UAID_50EBF6E39EFC94F401_1807970877 Label:Floor_5 SpatiallyLoaded:1 Bounds:IsValid=true, Min=(X=-150.000 Y=2200.000 Z=450.000), Max=(X=150.000 Y=2800.000 Z=500.000) RuntimeGrid:None EditorOnly:0 RuntimeOnly:0 HLODRelevant:1 ListedInSceneOutliner:1 IsMainWorldOnly:0 FolderPath:Playground FolderGuid:C73F09FC4215536B1DCE2A9E0A830C70
 |   |   |- Guid:553C395C4C0879954F008F8A958AF5FC BaseClass: NativeClass:/Script/Engine.ExponentialHeightFog Name:ExponentialHeightFog_0 Label:ExponentialHeightFog SpatiallyLoaded:0 Bounds:IsValid=true, Min=(X=-5600.000 Y=-50.000 Z=-6850.000), Max=(X=-5600.000 Y=-50.000 Z=-6850.000) RuntimeGrid:None EditorOnly:0 RuntimeOnly:0 HLODRelevant:0 ListedInSceneOutliner:1 IsMainWorldOnly:0 FolderPath:Lighting FolderGuid:963EC3EB4002CCE9759E2EBA541A873A
 |   |   |- Guid:573BC27E4E7C1B40639BE58303D00B28 BaseClass: NativeClass:/Script/Engine.StaticMeshActor Name:StaticMeshActor_UAID_A4AE111137DC5EFB00_1110535423 Label:SM_SkySphere SpatiallyLoaded:0 Bounds:IsValid=true, Min=(X=-1638400.000 Y=-1638400.000 Z=-1638400.000), Max=(X=1638400.000 Y=1638400.000 Z=1638400.000) RuntimeGrid:None EditorOnly:0 RuntimeOnly:0 HLODRelevant:0 ListedInSceneOutliner:1 IsMainWorldOnly:0 FolderPath:Lighting FolderGuid:963EC3EB4002CCE9759E2EBA541A873A
 |   |   |- Guid:59A8DCD549A3D0D3DB35818F8CA2DE4B BaseClass: NativeClass:/Script/Engine.StaticMeshActor Name:StaticMeshActor_UAID_50EBF6E39EFC97F401_1352657430 Label:Floor_26 SpatiallyLoaded:1 Bounds:IsValid=true, Min=(X=-150.000 Y=-1150.000 Z=2650.000), Max=(X=150.000 Y=-525.000 Z=2700.000) RuntimeGrid:None EditorOnly:0 RuntimeOnly:0 HLODRelevant:1 ListedInSceneOutliner:1 IsMainWorldOnly:0 FolderPath:Playground FolderGuid:C73F09FC4215536B1DCE2A9E0A830C70
 |   |   |- Guid:669BC1A842ADD8400DFEE5859E3AF80C BaseClass: NativeClass:/Script/Engine.WorldDataLayers Name:WorldDataLayers Label:WorldDataLayers SpatiallyLoaded:0 Bounds:Invalid RuntimeGrid:None EditorOnly:0 RuntimeOnly:0 HLODRelevant:0 ListedInSceneOutliner:1 IsMainWorldOnly:1
 |   |   |- Guid:66B662CD4FEDD5FA61C8BA8635E9EEBD BaseClass: NativeClass:/Script/Engine.TextRenderActor Name:TextRenderActor_1 Label:TextRenderActor SpatiallyLoaded:1 Bounds:IsValid=true, Min=(X=449.900 Y=-300.000 Z=215.013), Max=(X=449.900 Y=992.308 Z=365.013) RuntimeGrid:None EditorOnly:0 RuntimeOnly:0 HLODRelevant:0 ListedInSceneOutliner:1 IsMainWorldOnly:0
 |   |   |- Guid:6A100C9147067C33848B7E926E766301 BaseClass: NativeClass:/Script/Engine.StaticMeshActor Name:StaticMeshActor_UAID_50EBF6E39EFC96F401_1622888238 Label:Floor_8 SpatiallyLoaded:1 Bounds:IsValid=true, Min=(X=-150.000 Y=1950.000 Z=450.000), Max=(X=150.000 Y=2075.000 Z=500.000) RuntimeGrid:None EditorOnly:0 RuntimeOnly:0 HLODRelevant:1 ListedInSceneOutliner:1 IsMainWorldOnly:0 FolderPath:Playground FolderGuid:C73F09FC4215536B1DCE2A9E0A830C70
 |   |   |- Guid:6FAAF6374EF2EA1ACDBAC4B6B414AFC0 BaseClass: NativeClass:/Script/Engine.StaticMeshActor Name:StaticMeshActor_UAID_50EBF6E39EFC97F401_1161786423 Label:Floor_19 SpatiallyLoaded:1 Bounds:IsValid=true, Min=(X=-150.000 Y=-400.000 Z=1550.000), Max=(X=150.000 Y=825.000 Z=1600.000) RuntimeGrid:None EditorOnly:0 RuntimeOnly:0 HLODRelevant:1 ListedInSceneOutliner:1 IsMainWorldOnly:0 FolderPath:Playground FolderGuid:C73F09FC4215536B1DCE2A9E0A830C70
 |   |   |- Guid:6FE528FB4885971EB92695AEECE33D6F BaseClass: NativeClass:/Script/Engine.StaticMeshActor Name:StaticMeshActor_UAID_50EBF6E39EFC97F401_1217089426 Label:Floor_22 SpatiallyLoaded:1 Bounds:IsValid=true, Min=(X=-150.000 Y=2650.000 Z=1700.000), Max=(X=150.000 Y=3875.000 Z=1750.000) RuntimeGrid:None EditorOnly:0 RuntimeOnly:0 HLODRelevant:1 ListedInSceneOutliner:1 IsMainWorldOnly:0 FolderPath:Playground FolderGuid:C73F09FC4215536B1DCE2A9E0A830C70
 |   |   |- Guid:727BDD134B2502CA84ABB8ADE0EDE7CF BaseClass:/Game/ThirdPerson/Maps/MovingFloor.MovingFloor_C NativeClass:/Script/Engine.Actor Name:MovingFloor_C_UAID_50EBF6E39EFC9AF401_1739083968 Label:MovingFloor4 SpatiallyLoaded:1 Bounds:IsValid=true, Min=(X=-150.000 Y=405.000 Z=2500.000), Max=(X=150.000 Y=655.000 Z=2550.000) RuntimeGrid:None EditorOnly:0 RuntimeOnly:0 HLODRelevant:0 ListedInSceneOutliner:1 IsMainWorldOnly:0
 |   |   |- Guid:731817A44C6A4E29ED3A5B82FEBA769D BaseClass: NativeClass:/Script/Engine.StaticMeshActor Name:StaticMeshActor_UAID_50EBF6E39EFC97F401_1264710428 Label:Floor_24 SpatiallyLoaded:1 Bounds:IsValid=true, Min=(X=-150.000 Y=950.000 Z=2500.000), Max=(X=150.000 Y=3875.000 Z=2550.000) RuntimeGrid:None EditorOnly:0 RuntimeOnly:0 HLODRelevant:1 ListedInSceneOutliner:1 IsMainWorldOnly:0 FolderPath:Playground FolderGuid:C73F09FC4215536B1DCE2A9E0A830C70
 |   |   |- Guid:7CE6E5EA444DF05E07B61FB8F06C853F BaseClass: NativeClass:/Script/Engine.StaticMeshActor Name:StaticMeshActor_UAID_50EBF6E39EFC94F401_2006776882 Label:Floor_9 SpatiallyLoaded:1 Bounds:IsValid=true, Min=(X=-150.000 Y=-1150.000 Z=0.000), Max=(X=150.000 Y=-1100.000 Z=600.000) RuntimeGrid:None EditorOnly:0 RuntimeOnly:0 HLODRelevant:1 ListedInSceneOutliner:1 IsMainWorldOnly:0 FolderPath:Playground FolderGuid:C73F09FC4215536B1DCE2A9E0A830C70
 |   |   |- Guid:8EA589D34D71478361F558AAE1C3D54C BaseClass: NativeClass:/Script/Engine.SkyLight Name:SkyLight_1 Label:SkyLight SpatiallyLoaded:0 Bounds:IsValid=true, Min=(X=0.000 Y=0.000 Z=690.000), Max=(X=0.000 Y=0.000 Z=690.000) RuntimeGrid:None EditorOnly:0 RuntimeOnly:0 HLODRelevant:0 ListedInSceneOutliner:1 IsMainWorldOnly:0 FolderPath:Lighting FolderGuid:963EC3EB4002CCE9759E2EBA541A873A
 |   |   |- Guid:914FF63C4F763C759BF8218BDCDBA836 BaseClass: NativeClass:/Script/Engine.StaticMeshActor Name:StaticMeshActor_UAID_50EBF6E39EFC97F401_1202745425 Label:Floor_21 SpatiallyLoaded:1 Bounds:IsValid=true, Min=(X=-150.000 Y=1700.000 Z=1700.000), Max=(X=150.000 Y=2075.000 Z=1750.000) RuntimeGrid:None EditorOnly:0 RuntimeOnly:0 HLODRelevant:1 ListedInSceneOutliner:1 IsMainWorldOnly:0 FolderPath:Playground FolderGuid:C73F09FC4215536B1DCE2A9E0A830C70
 |   |   |- Guid:9AE2446E491888A69FB6BDB518E63CD7 BaseClass: NativeClass:/Script/Engine.SkyAtmosphere Name:SkyAtmosphere_0 Label:SkyAtmosphere SpatiallyLoaded:0 Bounds:IsValid=true, Min=(X=0.000 Y=0.000 Z=1020.000), Max=(X=0.000 Y=0.000 Z=1020.000) RuntimeGrid:None EditorOnly:0 RuntimeOnly:0 HLODRelevant:0 ListedInSceneOutliner:1 IsMainWorldOnly:0 FolderPath:Lighting FolderGuid:963EC3EB4002CCE9759E2EBA541A873A
 |   |   |- Guid:AC1EC86541565F2C545E8399B5109FB6 BaseClass: NativeClass:/Script/Engine.StaticMeshActor Name:StaticMeshActor_UAID_50EBF6E39EFC94F401_2057993883 Label:Floor_10 SpatiallyLoaded:1 Bounds:IsValid=true, Min=(X=-150.000 Y=-1150.000 Z=600.000), Max=(X=150.000 Y=-1100.000 Z=5050.000) RuntimeGrid:None EditorOnly:0 RuntimeOnly:0 HLODRelevant:1 ListedInSceneOutliner:1 IsMainWorldOnly:0 FolderPath:Playground FolderGuid:C73F09FC4215536B1DCE2A9E0A830C70
 |   |   |- Guid:B1222FB345ED14CE44304A88596A9B65 BaseClass: NativeClass:/Script/Engine.StaticMeshActor Name:StaticMeshActor_UAID_50EBF6E39EFC96F401_1665058239 Label:Floor_12 SpatiallyLoaded:1 Bounds:IsValid=true, Min=(X=-150.000 Y=1600.000 Z=1100.000), Max=(X=150.000 Y=2200.000 Z=1150.000) RuntimeGrid:None EditorOnly:0 RuntimeOnly:0 HLODRelevant:1 ListedInSceneOutliner:1 IsMainWorldOnly:0 FolderPath:Playground FolderGuid:C73F09FC4215536B1DCE2A9E0A830C70
 |   |   |- Guid:B82EDFD34D6654A45E55CA8B44552053 BaseClass: NativeClass:/Script/Engine.VolumetricCloud Name:VolumetricCloud_0 Label:VolumetricCloud SpatiallyLoaded:0 Bounds:IsValid=true, Min=(X=0.000 Y=0.000 Z=820.000), Max=(X=0.000 Y=0.000 Z=820.000) RuntimeGrid:None EditorOnly:0 RuntimeOnly:0 HLODRelevant:0 ListedInSceneOutliner:1 IsMainWorldOnly:0 FolderPath:Lighting FolderGuid:963EC3EB4002CCE9759E2EBA541A873A
 |   |   |- Guid:C1445FEE48F3A1016D2207AAADA596E6 BaseClass: NativeClass:/Script/Engine.StaticMeshActor Name:StaticMeshActor_UAID_50EBF6E39EFC94F401_1785167874 Label:Floor_2 SpatiallyLoaded:1 Bounds:IsValid=true, Min=(X=-150.000 Y=582.899 Z=0.000), Max=(X=150.000 Y=1163.816 Z=252.197) RuntimeGrid:None EditorOnly:0 RuntimeOnly:0 HLODRelevant:1 ListedInSceneOutliner:1 IsMainWorldOnly:0 FolderPath:Playground FolderGuid:C73F09FC4215536B1DCE2A9E0A830C70
 |   |   |- Guid:C1C749764F9B75E676225CBDCE006437 BaseClass: NativeClass:/Script/Engine.PlayerStart Name:PlayerStart_0 Label:PlayerStart SpatiallyLoaded:0 Bounds:IsValid=true, Min=(X=-40.000 Y=-140.000 Z=3258.000), Max=(X=40.000 Y=-60.000 Z=3442.000) RuntimeGrid:None EditorOnly:0 RuntimeOnly:0 HLODRelevant:0 ListedInSceneOutliner:1 IsMainWorldOnly:0
 |   |   |- Guid:C37C441040A4EEFFF75FAEB4E996A8C8 BaseClass: NativeClass:/Script/Engine.StaticMeshActor Name:StaticMeshActor_UAID_50EBF6E39EFC94F401_1797639876 Label:Floor_4 SpatiallyLoaded:1 Bounds:IsValid=true, Min=(X=-150.000 Y=3000.000 Z=450.000), Max=(X=150.000 Y=3600.000 Z=500.000) RuntimeGrid:None EditorOnly:0 RuntimeOnly:0 HLODRelevant:1 ListedInSceneOutliner:1 IsMainWorldOnly:0 FolderPath:Playground FolderGuid:C73F09FC4215536B1DCE2A9E0A830C70
 |   |   |- Guid:C3EB3DD94740FBA5831F888042BD1778 BaseClass:/Game/ThirdPerson/Maps/MovingFloor.MovingFloor_C NativeClass:/Script/Engine.Actor Name:MovingFloor_C_UAID_50EBF6E39EFC99F401_1921780790 Label:MovingFloor2 SpatiallyLoaded:1 Bounds:IsValid=true, Min=(X=-150.000 Y=1005.000 Z=1100.000), Max=(X=150.000 Y=1255.000 Z=1150.000) RuntimeGrid:None EditorOnly:0 RuntimeOnly:0 HLODRelevant:0 ListedInSceneOutliner:1 IsMainWorldOnly:0
 |   |   |- Guid:C8713E164F973DAC6C057C8F4E2D8C36 BaseClass: NativeClass:/Script/Engine.PostProcessVolume Name:PostProcessVolume_0 Label:PostProcessVolume SpatiallyLoaded:0 Bounds:IsValid=true, Min=(X=0.000 Y=0.000 Z=400.000), Max=(X=200.000 Y=200.000 Z=600.000) RuntimeGrid:None EditorOnly:0 RuntimeOnly:0 HLODRelevant:0 ListedInSceneOutliner:1 IsMainWorldOnly:0 FolderPath:Lighting FolderGuid:963EC3EB4002CCE9759E2EBA541A873A
 |   |   |- Guid:C8F7BFE74723E09E4991DBB6D77057B9 BaseClass: NativeClass:/Script/Engine.StaticMeshActor Name:StaticMeshActor_UAID_50EBF6E39EFC94F401_1929497879 Label:Floor_7 SpatiallyLoaded:1 Bounds:IsValid=true, Min=(X=-152.442 Y=1650.060 Z=300.000), Max=(X=147.558 Y=1775.060 Z=350.000) RuntimeGrid:None EditorOnly:0 RuntimeOnly:0 HLODRelevant:1 ListedInSceneOutliner:1 IsMainWorldOnly:0 FolderPath:Playground FolderGuid:C73F09FC4215536B1DCE2A9E0A830C70
 |   |   |- Guid:D782876C43F68C0C34B83E896F1EF44A BaseClass: NativeClass:/Script/Engine.StaticMeshActor Name:StaticMeshActor_UAID_50EBF6E39EFC97F401_1299978429 Label:Floor_25 SpatiallyLoaded:1 Bounds:IsValid=true, Min=(X=-150.000 Y=600.000 Z=3050.000), Max=(X=150.000 Y=3775.000 Z=3100.000) RuntimeGrid:None EditorOnly:0 RuntimeOnly:0 HLODRelevant:1 ListedInSceneOutliner:1 IsMainWorldOnly:0 FolderPath:Playground FolderGuid:C73F09FC4215536B1DCE2A9E0A830C70
 |   |   |- Guid:F042490B40840D4D41986BB7A7E15B78 BaseClass: NativeClass:/Script/Engine.StaticMeshActor Name:StaticMeshActor_UAID_50EBF6E39EFC97F401_1234656427 Label:Floor_23 SpatiallyLoaded:1 Bounds:IsValid=true, Min=(X=-150.000 Y=4150.000 Z=2300.000), Max=(X=150.000 Y=4525.000 Z=2350.000) RuntimeGrid:None EditorOnly:0 RuntimeOnly:0 HLODRelevant:1 ListedInSceneOutliner:1 IsMainWorldOnly:0 FolderPath:Playground FolderGuid:C73F09FC4215536B1DCE2A9E0A830C70
 |   |   |- Guid:FACBCE334F356D91FF9B2498140E087D BaseClass: NativeClass:/Script/Engine.StaticMeshActor Name:StaticMeshActor_UAID_50EBF6E39EFC96F401_1720002242 Label:Floor_15 SpatiallyLoaded:1 Bounds:IsValid=true, Min=(X=-150.000 Y=3700.000 Z=750.000), Max=(X=150.000 Y=4550.000 Z=800.000) RuntimeGrid:None EditorOnly:0 RuntimeOnly:0 HLODRelevant:1 ListedInSceneOutliner:1 IsMainWorldOnly:0 FolderPath:Playground FolderGuid:C73F09FC4215536B1DCE2A9E0A830C70
 |   |   |- Guid:FFEFEBFB4575BB87A0AE09B981D38AD8 BaseClass: NativeClass:/Script/Engine.StaticMeshActor Name:StaticMeshActor_UAID_50EBF6E39EFC94F401_2110619884 Label:Floor_11 SpatiallyLoaded:1 Bounds:IsValid=true, Min=(X=-150.000 Y=2600.000 Z=850.000), Max=(X=150.000 Y=3200.000 Z=900.000) RuntimeGrid:None EditorOnly:0 RuntimeOnly:0 HLODRelevant:1 ListedInSceneOutliner:1 IsMainWorldOnly:0 FolderPath:Playground FolderGuid:C73F09FC4215536B1DCE2A9E0A830C70
 |   |- [+] Clusters:
 |   |   |- [+] [  0]
 |   |   |   |- Guid:08382D7242F8C497167E88A00512916E BaseClass: NativeClass:/Script/Niagara.NiagaraActor Name:NiagaraActor_UAID_50EBF6E39EFC9BF401_1368407145 Label:l SpatiallyLoaded:1 Bounds:IsValid=true, Min=(X=-75.793 Y=1454.492 Z=3608.517), Max=(X=124.207 Y=1654.492 Z=3808.517) RuntimeGrid:None EditorOnly:0 RuntimeOnly:0 HLODRelevant:0 ListedInSceneOutliner:1 IsMainWorldOnly:0
 |   |   |- [+] [  1]
 |   |   |   |- Guid:0C541ACC4CD0D9A980C17F82839E2C3B BaseClass: NativeClass:/Script/Engine.StaticMeshActor Name:StaticMeshActor_UAID_50EBF6E39EFC94F401_1846031878 Label:MovingFloor SpatiallyLoaded:1 Bounds:IsValid=true, Min=(X=-152.442 Y=1350.060 Z=300.000), Max=(X=147.558 Y=1475.060 Z=350.000) RuntimeGrid:None EditorOnly:0 RuntimeOnly:0 HLODRelevant:1 ListedInSceneOutliner:1 IsMainWorldOnly:0 FolderPath:Playground FolderGuid:C73F09FC4215536B1DCE2A9E0A830C70
 |   |   |- [+] [  2]
 |   |   |   |- Guid:18F44E0C4D72A4B4EBECC9A767C0265D BaseClass: NativeClass:/Script/Engine.DirectionalLight Name:DirectionalLight_0 Label:DirectionalLight SpatiallyLoaded:0 Bounds:Invalid RuntimeGrid:None EditorOnly:0 RuntimeOnly:0 HLODRelevant:0 ListedInSceneOutliner:1 IsMainWorldOnly:0 FolderPath:Lighting FolderGuid:963EC3EB4002CCE9759E2EBA541A873A
 |   |   |- [+] [  3]
 |   |   |   |- Guid:1A653A1D404B11420F0CD6A4D3E63669 BaseClass:/Game/ThirdPerson/Maps/MovingFloor.MovingFloor_C NativeClass:/Script/Engine.Actor Name:MovingFloor_C_UAID_50EBF6E39EFC99F401_2089410791 Label:MovingFloor3 SpatiallyLoaded:1 Bounds:IsValid=true, Min=(X=-150.000 Y=455.000 Z=1100.000), Max=(X=150.000 Y=705.000 Z=1150.000) RuntimeGrid:None EditorOnly:0 RuntimeOnly:0 HLODRelevant:0 ListedInSceneOutliner:1 IsMainWorldOnly:0
 |   |   |- [+] [  4]
 |   |   |   |- Guid:23BE381943BF2A5A8D5DB49027A4F034 BaseClass: NativeClass:/Script/Engine.StaticMeshActor Name:StaticMeshActor_UAID_50EBF6E39EFC96F401_1673531241 Label:Floor_14 SpatiallyLoaded:1 Bounds:IsValid=true, Min=(X=-150.000 Y=-1100.000 Z=1100.000), Max=(X=150.000 Y=-500.000 Z=1150.000) RuntimeGrid:None EditorOnly:0 RuntimeOnly:0 HLODRelevant:1 ListedInSceneOutliner:1 IsMainWorldOnly:0 FolderPath:Playground FolderGuid:C73F09FC4215536B1DCE2A9E0A830C70
 |   |   |- [+] [  5]
 |   |   |   |- Guid:2DE489424884368AEC5148977CE02D9C BaseClass: NativeClass:/Script/Engine.StaticMeshActor Name:StaticMeshActor_UAID_50EBF6E39EFC96F401_1669634240 Label:Floor_13 SpatiallyLoaded:1 Bounds:IsValid=true, Min=(X=-150.000 Y=-400.000 Z=1100.000), Max=(X=150.000 Y=-25.000 Z=1150.000) RuntimeGrid:None EditorOnly:0 RuntimeOnly:0 HLODRelevant:1 ListedInSceneOutliner:1 IsMainWorldOnly:0 FolderPath:Playground FolderGuid:C73F09FC4215536B1DCE2A9E0A830C70
 |   |   |- [+] [  6]
 |   |   |   |- Guid:306C3E9D43B325910B1D39978CB32636 BaseClass: NativeClass:/Script/Engine.StaticMeshActor Name:StaticMeshActor_UAID_50EBF6E39EFC97F401_1480028433 Label:Floor_28 SpatiallyLoaded:1 Bounds:IsValid=true, Min=(X=-150.000 Y=3900.000 Z=3500.000), Max=(X=150.000 Y=4525.000 Z=3550.000) RuntimeGrid:None EditorOnly:0 RuntimeOnly:0 HLODRelevant:1 ListedInSceneOutliner:1 IsMainWorldOnly:0 FolderPath:Playground FolderGuid:C73F09FC4215536B1DCE2A9E0A830C70
 |   |   |- [+] [  7]
 |   |   |   |- Guid:347B82D64F5B540CD187EFA36583BD1F BaseClass: NativeClass:/Script/Engine.StaticMeshActor Name:StaticMeshActor_UAID_50EBF6E39EFC97F401_1372508431 Label:Floor_27 SpatiallyLoaded:1 Bounds:IsValid=true, Min=(X=-150.000 Y=-450.000 Z=3050.000), Max=(X=150.000 Y=175.000 Z=3100.000) RuntimeGrid:None EditorOnly:0 RuntimeOnly:0 HLODRelevant:1 ListedInSceneOutliner:1 IsMainWorldOnly:0 FolderPath:Playground FolderGuid:C73F09FC4215536B1DCE2A9E0A830C70
 |   |   |- [+] [  8]
 |   |   |   |- Guid:35ECA27045B0B5B7883041A2F82DFF9D BaseClass: NativeClass:/Script/Engine.StaticMeshActor Name:StaticMeshActor_1 Label:Floor_1 SpatiallyLoaded:1 Bounds:IsValid=true, Min=(X=-150.000 Y=-1150.000 Z=0.000), Max=(X=150.000 Y=600.000 Z=50.000) RuntimeGrid:None EditorOnly:0 RuntimeOnly:0 HLODRelevant:1 ListedInSceneOutliner:1 IsMainWorldOnly:0 FolderPath:Playground FolderGuid:C73F09FC4215536B1DCE2A9E0A830C70
 |   |   |- [+] [  9]
 |   |   |   |- Guid:40D9B3F84632C4A9601D5F93A21DD677 BaseClass: NativeClass:/Script/Engine.StaticMeshActor Name:StaticMeshActor_UAID_50EBF6E39EFC96F401_1982803244 Label:Floor_16 SpatiallyLoaded:1 Bounds:IsValid=true, Min=(X=-150.000 Y=4500.000 Z=800.000), Max=(X=150.000 Y=4550.000 Z=5475.000) RuntimeGrid:None EditorOnly:0 RuntimeOnly:0 HLODRelevant:1 ListedInSceneOutliner:1 IsMainWorldOnly:0 FolderPath:Playground FolderGuid:C73F09FC4215536B1DCE2A9E0A830C70
 |   |   |- [+] [ 10]
 |   |   |   |- Guid:4C81D71647B04FAFBF8CF99111F04916 BaseClass: NativeClass:/Script/Engine.StaticMeshActor Name:StaticMeshActor_UAID_50EBF6E39EFC94F401_1807970877 Label:Floor_5 SpatiallyLoaded:1 Bounds:IsValid=true, Min=(X=-150.000 Y=2200.000 Z=450.000), Max=(X=150.000 Y=2800.000 Z=500.000) RuntimeGrid:None EditorOnly:0 RuntimeOnly:0 HLODRelevant:1 ListedInSceneOutliner:1 IsMainWorldOnly:0 FolderPath:Playground FolderGuid:C73F09FC4215536B1DCE2A9E0A830C70
 |   |   |- [+] [ 11]
 |   |   |   |- Guid:553C395C4C0879954F008F8A958AF5FC BaseClass: NativeClass:/Script/Engine.ExponentialHeightFog Name:ExponentialHeightFog_0 Label:ExponentialHeightFog SpatiallyLoaded:0 Bounds:IsValid=true, Min=(X=-5600.000 Y=-50.000 Z=-6850.000), Max=(X=-5600.000 Y=-50.000 Z=-6850.000) RuntimeGrid:None EditorOnly:0 RuntimeOnly:0 HLODRelevant:0 ListedInSceneOutliner:1 IsMainWorldOnly:0 FolderPath:Lighting FolderGuid:963EC3EB4002CCE9759E2EBA541A873A
 |   |   |- [+] [ 12]
 |   |   |   |- Guid:573BC27E4E7C1B40639BE58303D00B28 BaseClass: NativeClass:/Script/Engine.StaticMeshActor Name:StaticMeshActor_UAID_A4AE111137DC5EFB00_1110535423 Label:SM_SkySphere SpatiallyLoaded:0 Bounds:IsValid=true, Min=(X=-1638400.000 Y=-1638400.000 Z=-1638400.000), Max=(X=1638400.000 Y=1638400.000 Z=1638400.000) RuntimeGrid:None EditorOnly:0 RuntimeOnly:0 HLODRelevant:0 ListedInSceneOutliner:1 IsMainWorldOnly:0 FolderPath:Lighting FolderGuid:963EC3EB4002CCE9759E2EBA541A873A
 |   |   |- [+] [ 13]
 |   |   |   |- Guid:59A8DCD549A3D0D3DB35818F8CA2DE4B BaseClass: NativeClass:/Script/Engine.StaticMeshActor Name:StaticMeshActor_UAID_50EBF6E39EFC97F401_1352657430 Label:Floor_26 SpatiallyLoaded:1 Bounds:IsValid=true, Min=(X=-150.000 Y=-1150.000 Z=2650.000), Max=(X=150.000 Y=-525.000 Z=2700.000) RuntimeGrid:None EditorOnly:0 RuntimeOnly:0 HLODRelevant:1 ListedInSceneOutliner:1 IsMainWorldOnly:0 FolderPath:Playground FolderGuid:C73F09FC4215536B1DCE2A9E0A830C70
 |   |   |- [+] [ 14]
 |   |   |   |- Guid:669BC1A842ADD8400DFEE5859E3AF80C BaseClass: NativeClass:/Script/Engine.WorldDataLayers Name:WorldDataLayers Label:WorldDataLayers SpatiallyLoaded:0 Bounds:Invalid RuntimeGrid:None EditorOnly:0 RuntimeOnly:0 HLODRelevant:0 ListedInSceneOutliner:1 IsMainWorldOnly:1
 |   |   |- [+] [ 15]
 |   |   |   |- Guid:66B662CD4FEDD5FA61C8BA8635E9EEBD BaseClass: NativeClass:/Script/Engine.TextRenderActor Name:TextRenderActor_1 Label:TextRenderActor SpatiallyLoaded:1 Bounds:IsValid=true, Min=(X=449.900 Y=-300.000 Z=215.013), Max=(X=449.900 Y=992.308 Z=365.013) RuntimeGrid:None EditorOnly:0 RuntimeOnly:0 HLODRelevant:0 ListedInSceneOutliner:1 IsMainWorldOnly:0
 |   |   |- [+] [ 16]
 |   |   |   |- Guid:6A100C9147067C33848B7E926E766301 BaseClass: NativeClass:/Script/Engine.StaticMeshActor Name:StaticMeshActor_UAID_50EBF6E39EFC96F401_1622888238 Label:Floor_8 SpatiallyLoaded:1 Bounds:IsValid=true, Min=(X=-150.000 Y=1950.000 Z=450.000), Max=(X=150.000 Y=2075.000 Z=500.000) RuntimeGrid:None EditorOnly:0 RuntimeOnly:0 HLODRelevant:1 ListedInSceneOutliner:1 IsMainWorldOnly:0 FolderPath:Playground FolderGuid:C73F09FC4215536B1DCE2A9E0A830C70
 |   |   |- [+] [ 17]
 |   |   |   |- Guid:6FAAF6374EF2EA1ACDBAC4B6B414AFC0 BaseClass: NativeClass:/Script/Engine.StaticMeshActor Name:StaticMeshActor_UAID_50EBF6E39EFC97F401_1161786423 Label:Floor_19 SpatiallyLoaded:1 Bounds:IsValid=true, Min=(X=-150.000 Y=-400.000 Z=1550.000), Max=(X=150.000 Y=825.000 Z=1600.000) RuntimeGrid:None EditorOnly:0 RuntimeOnly:0 HLODRelevant:1 ListedInSceneOutliner:1 IsMainWorldOnly:0 FolderPath:Playground FolderGuid:C73F09FC4215536B1DCE2A9E0A830C70
 |   |   |- [+] [ 18]
 |   |   |   |- Guid:6FE528FB4885971EB92695AEECE33D6F BaseClass: NativeClass:/Script/Engine.StaticMeshActor Name:StaticMeshActor_UAID_50EBF6E39EFC97F401_1217089426 Label:Floor_22 SpatiallyLoaded:1 Bounds:IsValid=true, Min=(X=-150.000 Y=2650.000 Z=1700.000), Max=(X=150.000 Y=3875.000 Z=1750.000) RuntimeGrid:None EditorOnly:0 RuntimeOnly:0 HLODRelevant:1 ListedInSceneOutliner:1 IsMainWorldOnly:0 FolderPath:Playground FolderGuid:C73F09FC4215536B1DCE2A9E0A830C70
 |   |   |- [+] [ 19]
 |   |   |   |- Guid:727BDD134B2502CA84ABB8ADE0EDE7CF BaseClass:/Game/ThirdPerson/Maps/MovingFloor.MovingFloor_C NativeClass:/Script/Engine.Actor Name:MovingFloor_C_UAID_50EBF6E39EFC9AF401_1739083968 Label:MovingFloor4 SpatiallyLoaded:1 Bounds:IsValid=true, Min=(X=-150.000 Y=405.000 Z=2500.000), Max=(X=150.000 Y=655.000 Z=2550.000) RuntimeGrid:None EditorOnly:0 RuntimeOnly:0 HLODRelevant:0 ListedInSceneOutliner:1 IsMainWorldOnly:0
 |   |   |- [+] [ 20]
 |   |   |   |- Guid:731817A44C6A4E29ED3A5B82FEBA769D BaseClass: NativeClass:/Script/Engine.StaticMeshActor Name:StaticMeshActor_UAID_50EBF6E39EFC97F401_1264710428 Label:Floor_24 SpatiallyLoaded:1 Bounds:IsValid=true, Min=(X=-150.000 Y=950.000 Z=2500.000), Max=(X=150.000 Y=3875.000 Z=2550.000) RuntimeGrid:None EditorOnly:0 RuntimeOnly:0 HLODRelevant:1 ListedInSceneOutliner:1 IsMainWorldOnly:0 FolderPath:Playground FolderGuid:C73F09FC4215536B1DCE2A9E0A830C70
 |   |   |- [+] [ 21]
 |   |   |   |- Guid:7CE6E5EA444DF05E07B61FB8F06C853F BaseClass: NativeClass:/Script/Engine.StaticMeshActor Name:StaticMeshActor_UAID_50EBF6E39EFC94F401_2006776882 Label:Floor_9 SpatiallyLoaded:1 Bounds:IsValid=true, Min=(X=-150.000 Y=-1150.000 Z=0.000), Max=(X=150.000 Y=-1100.000 Z=600.000) RuntimeGrid:None EditorOnly:0 RuntimeOnly:0 HLODRelevant:1 ListedInSceneOutliner:1 IsMainWorldOnly:0 FolderPath:Playground FolderGuid:C73F09FC4215536B1DCE2A9E0A830C70
 |   |   |- [+] [ 22]
 |   |   |   |- Guid:8EA589D34D71478361F558AAE1C3D54C BaseClass: NativeClass:/Script/Engine.SkyLight Name:SkyLight_1 Label:SkyLight SpatiallyLoaded:0 Bounds:IsValid=true, Min=(X=0.000 Y=0.000 Z=690.000), Max=(X=0.000 Y=0.000 Z=690.000) RuntimeGrid:None EditorOnly:0 RuntimeOnly:0 HLODRelevant:0 ListedInSceneOutliner:1 IsMainWorldOnly:0 FolderPath:Lighting FolderGuid:963EC3EB4002CCE9759E2EBA541A873A
 |   |   |- [+] [ 23]
 |   |   |   |- Guid:914FF63C4F763C759BF8218BDCDBA836 BaseClass: NativeClass:/Script/Engine.StaticMeshActor Name:StaticMeshActor_UAID_50EBF6E39EFC97F401_1202745425 Label:Floor_21 SpatiallyLoaded:1 Bounds:IsValid=true, Min=(X=-150.000 Y=1700.000 Z=1700.000), Max=(X=150.000 Y=2075.000 Z=1750.000) RuntimeGrid:None EditorOnly:0 RuntimeOnly:0 HLODRelevant:1 ListedInSceneOutliner:1 IsMainWorldOnly:0 FolderPath:Playground FolderGuid:C73F09FC4215536B1DCE2A9E0A830C70
 |   |   |- [+] [ 24]
 |   |   |   |- Guid:9AE2446E491888A69FB6BDB518E63CD7 BaseClass: NativeClass:/Script/Engine.SkyAtmosphere Name:SkyAtmosphere_0 Label:SkyAtmosphere SpatiallyLoaded:0 Bounds:IsValid=true, Min=(X=0.000 Y=0.000 Z=1020.000), Max=(X=0.000 Y=0.000 Z=1020.000) RuntimeGrid:None EditorOnly:0 RuntimeOnly:0 HLODRelevant:0 ListedInSceneOutliner:1 IsMainWorldOnly:0 FolderPath:Lighting FolderGuid:963EC3EB4002CCE9759E2EBA541A873A
 |   |   |- [+] [ 25]
 |   |   |   |- Guid:AC1EC86541565F2C545E8399B5109FB6 BaseClass: NativeClass:/Script/Engine.StaticMeshActor Name:StaticMeshActor_UAID_50EBF6E39EFC94F401_2057993883 Label:Floor_10 SpatiallyLoaded:1 Bounds:IsValid=true, Min=(X=-150.000 Y=-1150.000 Z=600.000), Max=(X=150.000 Y=-1100.000 Z=5050.000) RuntimeGrid:None EditorOnly:0 RuntimeOnly:0 HLODRelevant:1 ListedInSceneOutliner:1 IsMainWorldOnly:0 FolderPath:Playground FolderGuid:C73F09FC4215536B1DCE2A9E0A830C70
 |   |   |- [+] [ 26]
 |   |   |   |- Guid:B1222FB345ED14CE44304A88596A9B65 BaseClass: NativeClass:/Script/Engine.StaticMeshActor Name:StaticMeshActor_UAID_50EBF6E39EFC96F401_1665058239 Label:Floor_12 SpatiallyLoaded:1 Bounds:IsValid=true, Min=(X=-150.000 Y=1600.000 Z=1100.000), Max=(X=150.000 Y=2200.000 Z=1150.000) RuntimeGrid:None EditorOnly:0 RuntimeOnly:0 HLODRelevant:1 ListedInSceneOutliner:1 IsMainWorldOnly:0 FolderPath:Playground FolderGuid:C73F09FC4215536B1DCE2A9E0A830C70
 |   |   |- [+] [ 27]
 |   |   |   |- Guid:B82EDFD34D6654A45E55CA8B44552053 BaseClass: NativeClass:/Script/Engine.VolumetricCloud Name:VolumetricCloud_0 Label:VolumetricCloud SpatiallyLoaded:0 Bounds:IsValid=true, Min=(X=0.000 Y=0.000 Z=820.000), Max=(X=0.000 Y=0.000 Z=820.000) RuntimeGrid:None EditorOnly:0 RuntimeOnly:0 HLODRelevant:0 ListedInSceneOutliner:1 IsMainWorldOnly:0 FolderPath:Lighting FolderGuid:963EC3EB4002CCE9759E2EBA541A873A
 |   |   |- [+] [ 28]
 |   |   |   |- Guid:C1445FEE48F3A1016D2207AAADA596E6 BaseClass: NativeClass:/Script/Engine.StaticMeshActor Name:StaticMeshActor_UAID_50EBF6E39EFC94F401_1785167874 Label:Floor_2 SpatiallyLoaded:1 Bounds:IsValid=true, Min=(X=-150.000 Y=582.899 Z=0.000), Max=(X=150.000 Y=1163.816 Z=252.197) RuntimeGrid:None EditorOnly:0 RuntimeOnly:0 HLODRelevant:1 ListedInSceneOutliner:1 IsMainWorldOnly:0 FolderPath:Playground FolderGuid:C73F09FC4215536B1DCE2A9E0A830C70
 |   |   |- [+] [ 29]
 |   |   |   |- Guid:C1C749764F9B75E676225CBDCE006437 BaseClass: NativeClass:/Script/Engine.PlayerStart Name:PlayerStart_0 Label:PlayerStart SpatiallyLoaded:0 Bounds:IsValid=true, Min=(X=-40.000 Y=-140.000 Z=3258.000), Max=(X=40.000 Y=-60.000 Z=3442.000) RuntimeGrid:None EditorOnly:0 RuntimeOnly:0 HLODRelevant:0 ListedInSceneOutliner:1 IsMainWorldOnly:0
 |   |   |- [+] [ 30]
 |   |   |   |- Guid:C37C441040A4EEFFF75FAEB4E996A8C8 BaseClass: NativeClass:/Script/Engine.StaticMeshActor Name:StaticMeshActor_UAID_50EBF6E39EFC94F401_1797639876 Label:Floor_4 SpatiallyLoaded:1 Bounds:IsValid=true, Min=(X=-150.000 Y=3000.000 Z=450.000), Max=(X=150.000 Y=3600.000 Z=500.000) RuntimeGrid:None EditorOnly:0 RuntimeOnly:0 HLODRelevant:1 ListedInSceneOutliner:1 IsMainWorldOnly:0 FolderPath:Playground FolderGuid:C73F09FC4215536B1DCE2A9E0A830C70
 |   |   |- [+] [ 31]
 |   |   |   |- Guid:C3EB3DD94740FBA5831F888042BD1778 BaseClass:/Game/ThirdPerson/Maps/MovingFloor.MovingFloor_C NativeClass:/Script/Engine.Actor Name:MovingFloor_C_UAID_50EBF6E39EFC99F401_1921780790 Label:MovingFloor2 SpatiallyLoaded:1 Bounds:IsValid=true, Min=(X=-150.000 Y=1005.000 Z=1100.000), Max=(X=150.000 Y=1255.000 Z=1150.000) RuntimeGrid:None EditorOnly:0 RuntimeOnly:0 HLODRelevant:0 ListedInSceneOutliner:1 IsMainWorldOnly:0
 |   |   |- [+] [ 32]
 |   |   |   |- Guid:C8713E164F973DAC6C057C8F4E2D8C36 BaseClass: NativeClass:/Script/Engine.PostProcessVolume Name:PostProcessVolume_0 Label:PostProcessVolume SpatiallyLoaded:0 Bounds:IsValid=true, Min=(X=0.000 Y=0.000 Z=400.000), Max=(X=200.000 Y=200.000 Z=600.000) RuntimeGrid:None EditorOnly:0 RuntimeOnly:0 HLODRelevant:0 ListedInSceneOutliner:1 IsMainWorldOnly:0 FolderPath:Lighting FolderGuid:963EC3EB4002CCE9759E2EBA541A873A
 |   |   |- [+] [ 33]
 |   |   |   |- Guid:C8F7BFE74723E09E4991DBB6D77057B9 BaseClass: NativeClass:/Script/Engine.StaticMeshActor Name:StaticMeshActor_UAID_50EBF6E39EFC94F401_1929497879 Label:Floor_7 SpatiallyLoaded:1 Bounds:IsValid=true, Min=(X=-152.442 Y=1650.060 Z=300.000), Max=(X=147.558 Y=1775.060 Z=350.000) RuntimeGrid:None EditorOnly:0 RuntimeOnly:0 HLODRelevant:1 ListedInSceneOutliner:1 IsMainWorldOnly:0 FolderPath:Playground FolderGuid:C73F09FC4215536B1DCE2A9E0A830C70
 |   |   |- [+] [ 34]
 |   |   |   |- Guid:D782876C43F68C0C34B83E896F1EF44A BaseClass: NativeClass:/Script/Engine.StaticMeshActor Name:StaticMeshActor_UAID_50EBF6E39EFC97F401_1299978429 Label:Floor_25 SpatiallyLoaded:1 Bounds:IsValid=true, Min=(X=-150.000 Y=600.000 Z=3050.000), Max=(X=150.000 Y=3775.000 Z=3100.000) RuntimeGrid:None EditorOnly:0 RuntimeOnly:0 HLODRelevant:1 ListedInSceneOutliner:1 IsMainWorldOnly:0 FolderPath:Playground FolderGuid:C73F09FC4215536B1DCE2A9E0A830C70
 |   |   |- [+] [ 35]
 |   |   |   |- Guid:F042490B40840D4D41986BB7A7E15B78 BaseClass: NativeClass:/Script/Engine.StaticMeshActor Name:StaticMeshActor_UAID_50EBF6E39EFC97F401_1234656427 Label:Floor_23 SpatiallyLoaded:1 Bounds:IsValid=true, Min=(X=-150.000 Y=4150.000 Z=2300.000), Max=(X=150.000 Y=4525.000 Z=2350.000) RuntimeGrid:None EditorOnly:0 RuntimeOnly:0 HLODRelevant:1 ListedInSceneOutliner:1 IsMainWorldOnly:0 FolderPath:Playground FolderGuid:C73F09FC4215536B1DCE2A9E0A830C70
 |   |   |- [+] [ 36]
 |   |   |   |- Guid:FACBCE334F356D91FF9B2498140E087D BaseClass: NativeClass:/Script/Engine.StaticMeshActor Name:StaticMeshActor_UAID_50EBF6E39EFC96F401_1720002242 Label:Floor_15 SpatiallyLoaded:1 Bounds:IsValid=true, Min=(X=-150.000 Y=3700.000 Z=750.000), Max=(X=150.000 Y=4550.000 Z=800.000) RuntimeGrid:None EditorOnly:0 RuntimeOnly:0 HLODRelevant:1 ListedInSceneOutliner:1 IsMainWorldOnly:0 FolderPath:Playground FolderGuid:C73F09FC4215536B1DCE2A9E0A830C70
 |   |   |- [+] [ 37]
 |   |   |   |- Guid:FFEFEBFB4575BB87A0AE09B981D38AD8 BaseClass: NativeClass:/Script/Engine.StaticMeshActor Name:StaticMeshActor_UAID_50EBF6E39EFC94F401_2110619884 Label:Floor_11 SpatiallyLoaded:1 Bounds:IsValid=true, Min=(X=-150.000 Y=2600.000 Z=850.000), Max=(X=150.000 Y=3200.000 Z=900.000) RuntimeGrid:None EditorOnly:0 RuntimeOnly:0 HLODRelevant:1 ListedInSceneOutliner:1 IsMainWorldOnly:0 FolderPath:Playground FolderGuid:C73F09FC4215536B1DCE2A9E0A830C70
 |- ContainerInstances:
 |- [+] MainContainer:
 |   |-        ID: 00000000000000000000000000000000
 |   |-  ParentID: 00000000000000000000000000000000
 |   |-    Bounds: IsValid=false, Min=(X=0.000 Y=0.000 Z=0.000), Max=(X=0.000 Y=0.000 Z=0.000)
 |   |- Transform: 0.000000,0.000000,0.000000|0.000000,0.000000,-0.000000|1.000000,1.000000,1.000000
 |   |- Container: /Game/ThirdPerson/Maps/DemoYoncho
----------------------------------------------------------------------------------------------------------------
DemoYoncho - Persistent Level
----------------------------------------------------------------------------------------------------------------
[+] Content of DemoYoncho Persistent Level
 |- Always loaded Actor Count: 38 
 |- Actor Path: /Game/ThirdPerson/Maps/DemoYoncho.DemoYoncho:PersistentLevel.DirectionalLight_0
 |- Actor Package: /Game/__ExternalActors__/ThirdPerson/Maps/DemoYoncho/E/QP/MRIDKE1MPXDMQY5AJ1XZ24
 |- Actor Path: /Game/ThirdPerson/Maps/DemoYoncho.DemoYoncho:PersistentLevel.ExponentialHeightFog_0
 |- Actor Package: /Game/__ExternalActors__/ThirdPerson/Maps/DemoYoncho/A/IB/E0TWM2ASBXDFIATZM5G3SS
 |- Actor Path: /Game/ThirdPerson/Maps/DemoYoncho.DemoYoncho:PersistentLevel.MovingFloor_C_UAID_50EBF6E39EFC99F401_1921780790
 |- Actor Package: /Game/__ExternalActors__/ThirdPerson/Maps/DemoYoncho/6/4B/6WVJQFNDZ5RVQ366HNSJZU
 |- Actor Path: /Game/ThirdPerson/Maps/DemoYoncho.DemoYoncho:PersistentLevel.MovingFloor_C_UAID_50EBF6E39EFC99F401_2089410791
 |- Actor Package: /Game/__ExternalActors__/ThirdPerson/Maps/DemoYoncho/B/5F/JVJMBP7NR140UF19LE4CIG
 |- Actor Path: /Game/ThirdPerson/Maps/DemoYoncho.DemoYoncho:PersistentLevel.MovingFloor_C_UAID_50EBF6E39EFC9AF401_1739083968
 |- Actor Package: /Game/__ExternalActors__/ThirdPerson/Maps/DemoYoncho/1/TV/9HDIAAT9XQQGH5FT5WJI03
 |- Actor Path: /Game/ThirdPerson/Maps/DemoYoncho.DemoYoncho:PersistentLevel.NiagaraActor_UAID_50EBF6E39EFC9BF401_1368407145
 |- Actor Package: /Game/__ExternalActors__/ThirdPerson/Maps/DemoYoncho/4/1J/1HP1CM974WQY7DMDZRQEVF
 |- Actor Path: /Game/ThirdPerson/Maps/DemoYoncho.DemoYoncho:PersistentLevel.PlayerStart_0
 |- Actor Package: /Game/__ExternalActors__/ThirdPerson/Maps/DemoYoncho/1/9J/BOWLKJHIZS4JB7ION75V3L
 |- Actor Path: /Game/ThirdPerson/Maps/DemoYoncho.DemoYoncho:PersistentLevel.PostProcessVolume_0
 |- Actor Package: /Game/__ExternalActors__/ThirdPerson/Maps/DemoYoncho/8/7B/FXY0337DXTFXGF1NAKYCVS
 |- Actor Path: /Game/ThirdPerson/Maps/DemoYoncho.DemoYoncho:PersistentLevel.SkyAtmosphere_0
 |- Actor Package: /Game/__ExternalActors__/ThirdPerson/Maps/DemoYoncho/3/QM/TLEF9SGPR6YX57ZGA2T0X3
 |- Actor Path: /Game/ThirdPerson/Maps/DemoYoncho.DemoYoncho:PersistentLevel.SkyLight_1
 |- Actor Package: /Game/__ExternalActors__/ThirdPerson/Maps/DemoYoncho/C/NM/J83V01BYWIZD5XAW9SDSZS
 |- Actor Path: /Game/ThirdPerson/Maps/DemoYoncho.DemoYoncho:PersistentLevel.StaticMeshActor_1
 |- Actor Package: /Game/__ExternalActors__/ThirdPerson/Maps/DemoYoncho/7/O8/170V7XX34OBFR09DCQ16IL
 |- Actor Path: /Game/ThirdPerson/Maps/DemoYoncho.DemoYoncho:PersistentLevel.StaticMeshActor_UAID_50EBF6E39EFC94F401_1785167874
 |- Actor Package: /Game/__ExternalActors__/ThirdPerson/Maps/DemoYoncho/D/VK/7NGVXZEU3FWLJKB3MYYFWZ
 |- Actor Path: /Game/ThirdPerson/Maps/DemoYoncho.DemoYoncho:PersistentLevel.StaticMeshActor_UAID_50EBF6E39EFC94F401_1797639876
 |- Actor Package: /Game/__ExternalActors__/ThirdPerson/Maps/DemoYoncho/6/AD/CYS5ZEMTLTNUQVVBVX8L6V
 |- Actor Path: /Game/ThirdPerson/Maps/DemoYoncho.DemoYoncho:PersistentLevel.StaticMeshActor_UAID_50EBF6E39EFC94F401_1807970877
 |- Actor Package: /Game/__ExternalActors__/ThirdPerson/Maps/DemoYoncho/4/GF/GURGO2Y565EDVTKT97JKE9
 |- Actor Path: /Game/ThirdPerson/Maps/DemoYoncho.DemoYoncho:PersistentLevel.StaticMeshActor_UAID_50EBF6E39EFC94F401_1846031878
 |- Actor Package: /Game/__ExternalActors__/ThirdPerson/Maps/DemoYoncho/6/3F/G080W0QU35NT3Y0XEFT1MJ
 |- Actor Path: /Game/ThirdPerson/Maps/DemoYoncho.DemoYoncho:PersistentLevel.StaticMeshActor_UAID_50EBF6E39EFC94F401_1929497879
 |- Actor Package: /Game/__ExternalActors__/ThirdPerson/Maps/DemoYoncho/4/KG/PQU5NDCFFO1E9IB2UAJIIC
 |- Actor Path: /Game/ThirdPerson/Maps/DemoYoncho.DemoYoncho:PersistentLevel.StaticMeshActor_UAID_50EBF6E39EFC94F401_2006776882
 |- Actor Package: /Game/__ExternalActors__/ThirdPerson/Maps/DemoYoncho/A/GR/JAFFEG5GCR1IBR1OJ5LY90
 |- Actor Path: /Game/ThirdPerson/Maps/DemoYoncho.DemoYoncho:PersistentLevel.StaticMeshActor_UAID_50EBF6E39EFC94F401_2057993883
 |- Actor Package: /Game/__ExternalActors__/ThirdPerson/Maps/DemoYoncho/1/UT/0NTQFELY9ZULTDPZ5LJP8P
 |- Actor Path: /Game/ThirdPerson/Maps/DemoYoncho.DemoYoncho:PersistentLevel.StaticMeshActor_UAID_50EBF6E39EFC94F401_2110619884
 |- Actor Package: /Game/__ExternalActors__/ThirdPerson/Maps/DemoYoncho/7/G3/6RTCYIZAAPY03F3FAURN3P
 |- Actor Path: /Game/ThirdPerson/Maps/DemoYoncho.DemoYoncho:PersistentLevel.StaticMeshActor_UAID_50EBF6E39EFC96F401_1622888238
 |- Actor Package: /Game/__ExternalActors__/ThirdPerson/Maps/DemoYoncho/5/AT/1EVH75UF9KXDG8BWT1HION
 |- Actor Path: /Game/ThirdPerson/Maps/DemoYoncho.DemoYoncho:PersistentLevel.StaticMeshActor_UAID_50EBF6E39EFC96F401_1665058239
 |- Actor Package: /Game/__ExternalActors__/ThirdPerson/Maps/DemoYoncho/4/M5/TL5KRH8X0RBW47L55HFSFZ
 |- Actor Path: /Game/ThirdPerson/Maps/DemoYoncho.DemoYoncho:PersistentLevel.StaticMeshActor_UAID_50EBF6E39EFC96F401_1669634240
 |- Actor Package: /Game/__ExternalActors__/ThirdPerson/Maps/DemoYoncho/3/V8/ASSZXF38QFXTGJX40VDYXT
 |- Actor Path: /Game/ThirdPerson/Maps/DemoYoncho.DemoYoncho:PersistentLevel.StaticMeshActor_UAID_50EBF6E39EFC96F401_1673531241
 |- Actor Package: /Game/__ExternalActors__/ThirdPerson/Maps/DemoYoncho/8/5Y/TC9J6HXC4AT8JKPKPMW6ZS
 |- Actor Path: /Game/ThirdPerson/Maps/DemoYoncho.DemoYoncho:PersistentLevel.StaticMeshActor_UAID_50EBF6E39EFC96F401_1720002242
 |- Actor Package: /Game/__ExternalActors__/ThirdPerson/Maps/DemoYoncho/0/PV/DJG1ADY0C6N0JRX7FH7G5F
 |- Actor Path: /Game/ThirdPerson/Maps/DemoYoncho.DemoYoncho:PersistentLevel.StaticMeshActor_UAID_50EBF6E39EFC96F401_1982803244
 |- Actor Package: /Game/__ExternalActors__/ThirdPerson/Maps/DemoYoncho/7/IM/VKYKA5E9DMUDKO3V0VISMF
 |- Actor Path: /Game/ThirdPerson/Maps/DemoYoncho.DemoYoncho:PersistentLevel.StaticMeshActor_UAID_50EBF6E39EFC97F401_1161786423
 |- Actor Package: /Game/__ExternalActors__/ThirdPerson/Maps/DemoYoncho/E/G2/18WP7QKOV6TRLP62GITQXL
 |- Actor Path: /Game/ThirdPerson/Maps/DemoYoncho.DemoYoncho:PersistentLevel.StaticMeshActor_UAID_50EBF6E39EFC97F401_1202745425
 |- Actor Package: /Game/__ExternalActors__/ThirdPerson/Maps/DemoYoncho/5/YF/NV9C8721V4WLIPLM0NZ360
 |- Actor Path: /Game/ThirdPerson/Maps/DemoYoncho.DemoYoncho:PersistentLevel.StaticMeshActor_UAID_50EBF6E39EFC97F401_1217089426
 |- Actor Package: /Game/__ExternalActors__/ThirdPerson/Maps/DemoYoncho/5/8Y/AQXQ7B9U3O1MF76ZZ19ZVA
 |- Actor Path: /Game/ThirdPerson/Maps/DemoYoncho.DemoYoncho:PersistentLevel.StaticMeshActor_UAID_50EBF6E39EFC97F401_1234656427
 |- Actor Package: /Game/__ExternalActors__/ThirdPerson/Maps/DemoYoncho/2/4U/KUJGKDVV7TMEVDSNWO7CMM
 |- Actor Path: /Game/ThirdPerson/Maps/DemoYoncho.DemoYoncho:PersistentLevel.StaticMeshActor_UAID_50EBF6E39EFC97F401_1264710428
 |- Actor Package: /Game/__ExternalActors__/ThirdPerson/Maps/DemoYoncho/3/SP/TBN7Z5J97UC40A0VZ454T0
 |- Actor Path: /Game/ThirdPerson/Maps/DemoYoncho.DemoYoncho:PersistentLevel.StaticMeshActor_UAID_50EBF6E39EFC97F401_1299978429
 |- Actor Package: /Game/__ExternalActors__/ThirdPerson/Maps/DemoYoncho/9/MB/JWQ65Y39QRSJ8ABZXDD8JM
 |- Actor Path: /Game/ThirdPerson/Maps/DemoYoncho.DemoYoncho:PersistentLevel.StaticMeshActor_UAID_50EBF6E39EFC97F401_1352657430
 |- Actor Package: /Game/__ExternalActors__/ThirdPerson/Maps/DemoYoncho/6/FO/PPYC0DE4RM156ADAJX1LMA
 |- Actor Path: /Game/ThirdPerson/Maps/DemoYoncho.DemoYoncho:PersistentLevel.StaticMeshActor_UAID_50EBF6E39EFC97F401_1372508431
 |- Actor Package: /Game/__ExternalActors__/ThirdPerson/Maps/DemoYoncho/9/I4/R9DZFV2Z91HFLFPL9W0B9V
 |- Actor Path: /Game/ThirdPerson/Maps/DemoYoncho.DemoYoncho:PersistentLevel.StaticMeshActor_UAID_50EBF6E39EFC97F401_1480028433
 |- Actor Package: /Game/__ExternalActors__/ThirdPerson/Maps/DemoYoncho/1/UJ/OO5P8RN2HY75BFVE096C83
 |- Actor Path: /Game/ThirdPerson/Maps/DemoYoncho.DemoYoncho:PersistentLevel.StaticMeshActor_UAID_A4AE111137DC5EFB00_1110535423
 |- Actor Package: /Game/__ExternalActors__/ThirdPerson/Maps/DemoYoncho/C/IN/NDKXBXY3KFT5PJD31I4NUY
 |- Actor Path: /Game/ThirdPerson/Maps/DemoYoncho.DemoYoncho:PersistentLevel.TextRenderActor_1
 |- Actor Package: /Game/__ExternalActors__/ThirdPerson/Maps/DemoYoncho/5/IZ/Q8507BXWOPOJP9INY4KJAW
 |- Actor Path: /Game/ThirdPerson/Maps/DemoYoncho.DemoYoncho:PersistentLevel.VolumetricCloud_0
 |- Actor Package: /Game/__ExternalActors__/ThirdPerson/Maps/DemoYoncho/B/34/QBANXMLLBUB0M2OZOXLFLU
 |- Actor Path: /Game/ThirdPerson/Maps/DemoYoncho.DemoYoncho:PersistentLevel.WorldDataLayers
 |- Actor Package: /Game/__ExternalActors__/ThirdPerson/Maps/DemoYoncho/3/57/OJECJQXVFE8WUHK4T4UF77

----------------------------------------------------------------------------------------------------------------
DemoYoncho - Runtime Hash Set
----------------------------------------------------------------------------------------------------------------

